#
# There is insufficient memory for the Java Runtime Environment to continue.
# Native memory allocation (mmap) failed to map 130023424 bytes for G1 virtual space
# Possible reasons:
#   The system is out of physical RAM or swap space
#   The process is running with CompressedOops enabled, and the Java Heap may be blocking the growth of the native heap
# Possible solutions:
#   Reduce memory load on the system
#   Increase physical memory or swap space
#   Check if swap backing store is full
#   Decrease Java heap size (-Xmx/-Xms)
#   Decrease number of Java threads
#   Decrease Java thread stack sizes (-Xss)
#   Set larger code cache with -XX:ReservedCodeCacheSize=
#   JVM is running with Unscaled Compressed Oops mode in which the Java heap is
#     placed in the first 4GB address space. The Java Heap base address is the
#     maximum limit for the native heap growth. Please use -XX:HeapBaseMinAddress
#     to set the Java Heap base and to place the Java Heap above 4GB virtual address.
# This output file may be truncated or incomplete.
#
#  Out of Memory Error (os_windows.cpp:3469), pid=118840, tid=122376
#
# JRE version:  (17.0+35) (build )
# Java VM: OpenJDK 64-Bit Server VM (17+35-2724, mixed mode, sharing, tiered, compressed oops, compressed class ptrs, g1 gc, windows-amd64)
# No core dump will be written. Minidumps are not enabled by default on client versions of Windows
#

---------------  S U M M A R Y ------------

Command Line: -Dclassworlds.conf=C:\apache-maven-3.9.4\bin\m2.conf -Dmaven.home=C:\apache-maven-3.9.4 -Dlibrary.jansi.path=C:\apache-maven-3.9.4\lib\jansi-native -Dmaven.multiModuleProjectDirectory=C:\demosb_API_1_1 org.codehaus.plexus.classworlds.launcher.Launcher package -DskipTests

Host: Intel(R) Core(TM) i3-1005G1 CPU @ 1.20GHz, 4 cores, 7G,  Windows 10 , 64 bit Build 19041 (10.0.19041.3570)
Time: Thu Nov 16 14:09:53 2023 Paris, Madrid elapsed time: 0.278356 seconds (0d 0h 0m 0s)

---------------  T H R E A D  ---------------

Current thread (0x000002b44532d330):  JavaThread "Unknown thread" [_thread_in_vm, id=122376, stack(0x000000ea58000000,0x000000ea58100000)]

Stack: [0x000000ea58000000,0x000000ea58100000]
Native frames: (J=compiled Java code, j=interpreted, Vv=VM code, C=native code)
V  [jvm.dll+0x66f8ea]
V  [jvm.dll+0x7ce224]
V  [jvm.dll+0x7cf9ce]
V  [jvm.dll+0x7d0033]
V  [jvm.dll+0x242bb5]
V  [jvm.dll+0x66c909]
V  [jvm.dll+0x6613d2]
V  [jvm.dll+0x30082b]
V  [jvm.dll+0x307db6]
V  [jvm.dll+0x357a0e]
V  [jvm.dll+0x357c3f]
V  [jvm.dll+0x2d7ae8]
V  [jvm.dll+0x2d8a54]
V  [jvm.dll+0x7a00a1]
V  [jvm.dll+0x365781]
V  [jvm.dll+0x77f59c]
V  [jvm.dll+0x3e805f]
V  [jvm.dll+0x3e9b01]
C  [jli.dll+0x527b]
C  [ucrtbase.dll+0x21bb2]
C  [KERNEL32.DLL+0x17344]
C  [ntdll.dll+0x526b1]


---------------  P R O C E S S  ---------------

Threads class SMR info:
_java_thread_list=0x00007ffd9aae7818, length=0, elements={
}

Java Threads: ( => current thread )

Other Threads:
  0x000002b44536b750 GCTaskThread "GC Thread#0" [stack: 0x000000ea58100000,0x000000ea58200000] [id=119688]
  0x000002b44537cdb0 ConcurrentGCThread "G1 Main Marker" [stack: 0x000000ea58200000,0x000000ea58300000] [id=121620]
  0x000002b44537d6d0 ConcurrentGCThread "G1 Conc#0" [stack: 0x000000ea58300000,0x000000ea58400000] [id=104208]

[error occurred during error reporting (printing all threads), id 0xc0000005, EXCEPTION_ACCESS_VIOLATION (0xc0000005) at pc=0x00007ffd9a3384c7]

VM state: not at safepoint (not fully initialized)

VM Mutex/Monitor currently owned by a thread:  ([mutex/lock_event])
[0x000002b445329c10] Heap_lock - owner thread: 0x000002b44532d330

Heap address: 0x0000000084000000, size: 1984 MB, Compressed Oops mode: 32-bit

CDS archive(s) mapped at: [0x0000000000000000-0x0000000000000000-0x0000000000000000), size 0, SharedBaseAddress: 0x0000000800000000, ArchiveRelocationMode: 0.
Narrow klass base: 0x0000000000000000, Narrow klass shift: 0, Narrow klass range: 0x0

GC Precious Log:
<Empty>

Heap:
 garbage-first heap   total 0K, used 0K [0x0000000084000000, 0x0000000100000000)
  region size 1024K, 0 young (0K), 0 survivors (0K)

[error occurred during error reporting (printing heap information), id 0xc0000005, EXCEPTION_ACCESS_VIOLATION (0xc0000005) at pc=0x00007ffd9a718c59]

GC Heap History (0 events):
No events

Deoptimization events (0 events):
No events

Classes unloaded (0 events):
No events

Classes redefined (0 events):
No events

Internal exceptions (0 events):
No events

VM Operations (0 events):
No events

Events (1 events):
Event: 0.019 Loaded shared library C:\Users\momo5\.jdks\openjdk-17\bin\java.dll


Dynamic libraries:
0x00007ff6e45b0000 - 0x00007ff6e45be000 	C:\Users\momo5\.jdks\openjdk-17\bin\java.exe
0x00007ffe280b0000 - 0x00007ffe282a7000 	C:\Windows\SYSTEM32\ntdll.dll
0x00007ffe261a0000 - 0x00007ffe2625d000 	C:\Windows\System32\KERNEL32.DLL
0x00007ffe25b20000 - 0x00007ffe25e16000 	C:\Windows\System32\KERNELBASE.dll
0x00007ffe25950000 - 0x00007ffe25a50000 	C:\Windows\System32\ucrtbase.dll
0x00007ffe0adc0000 - 0x00007ffe0add8000 	C:\Users\momo5\.jdks\openjdk-17\bin\jli.dll
0x00007ffe27880000 - 0x00007ffe27a1e000 	C:\Windows\System32\USER32.dll
0x00007ffe25920000 - 0x00007ffe25942000 	C:\Windows\System32\win32u.dll
0x00007ffe27060000 - 0x00007ffe2708c000 	C:\Windows\System32\GDI32.dll
0x00007ffe25800000 - 0x00007ffe2591a000 	C:\Windows\System32\gdi32full.dll
0x00007ffe25a50000 - 0x00007ffe25aed000 	C:\Windows\System32\msvcp_win.dll
0x00007ffe00960000 - 0x00007ffe0097a000 	C:\Users\momo5\.jdks\openjdk-17\bin\VCRUNTIME140.dll
0x00007ffe12fa0000 - 0x00007ffe1323a000 	C:\Windows\WinSxS\amd64_microsoft.windows.common-controls_6595b64144ccf1df_6.0.19041.3570_none_60bb2a3971f3e41a\COMCTL32.dll
0x00007ffe27af0000 - 0x00007ffe27b8e000 	C:\Windows\System32\msvcrt.dll
0x00007ffe264a0000 - 0x00007ffe264d0000 	C:\Windows\System32\IMM32.DLL
0x00007ffe0adb0000 - 0x00007ffe0adbc000 	C:\Users\momo5\.jdks\openjdk-17\bin\vcruntime140_1.dll
0x00007ffdec710000 - 0x00007ffdec79d000 	C:\Users\momo5\.jdks\openjdk-17\bin\msvcp140.dll
0x00007ffd9a050000 - 0x00007ffd9ac0e000 	C:\Users\momo5\.jdks\openjdk-17\bin\server\jvm.dll
0x00007ffe26f40000 - 0x00007ffe26fee000 	C:\Windows\System32\ADVAPI32.dll
0x00007ffe277e0000 - 0x00007ffe2787c000 	C:\Windows\System32\sechost.dll
0x00007ffe26350000 - 0x00007ffe26476000 	C:\Windows\System32\RPCRT4.dll
0x00007ffe27a80000 - 0x00007ffe27a88000 	C:\Windows\System32\PSAPI.DLL
0x00007ffe0e920000 - 0x00007ffe0e929000 	C:\Windows\SYSTEM32\WSOCK32.dll
0x00007ffe26ff0000 - 0x00007ffe2705b000 	C:\Windows\System32\WS2_32.dll
0x00007ffe12370000 - 0x00007ffe12397000 	C:\Windows\SYSTEM32\WINMM.dll
0x00007ffe1cbd0000 - 0x00007ffe1cbda000 	C:\Windows\SYSTEM32\VERSION.dll
0x00007ffe23fc0000 - 0x00007ffe23fd2000 	C:\Windows\SYSTEM32\kernel.appcore.dll
0x00007ffe08b20000 - 0x00007ffe08b2a000 	C:\Users\momo5\.jdks\openjdk-17\bin\jimage.dll
0x00007ffe23520000 - 0x00007ffe23704000 	C:\Windows\SYSTEM32\DBGHELP.DLL
0x00007ffe19ae0000 - 0x00007ffe19b14000 	C:\Windows\SYSTEM32\dbgcore.DLL
0x00007ffe25ed0000 - 0x00007ffe25f52000 	C:\Windows\System32\bcryptPrimitives.dll
0x00007ffdf2940000 - 0x00007ffdf2965000 	C:\Users\momo5\.jdks\openjdk-17\bin\java.dll

dbghelp: loaded successfully - version: 4.0.5 - missing functions: none
symbol engine: initialized successfully - sym options: 0x614 - pdb path: .;C:\Users\momo5\.jdks\openjdk-17\bin;C:\Windows\SYSTEM32;C:\Windows\WinSxS\amd64_microsoft.windows.common-controls_6595b64144ccf1df_6.0.19041.3570_none_60bb2a3971f3e41a;C:\Users\momo5\.jdks\openjdk-17\bin\server

VM Arguments:
jvm_args: -Dclassworlds.conf=C:\apache-maven-3.9.4\bin\m2.conf -Dmaven.home=C:\apache-maven-3.9.4 -Dlibrary.jansi.path=C:\apache-maven-3.9.4\lib\jansi-native -Dmaven.multiModuleProjectDirectory=C:\demosb_API_1_1 
java_command: org.codehaus.plexus.classworlds.launcher.Launcher package -DskipTests
java_class_path (initial): C:\apache-maven-3.9.4\boot\plexus-classworlds-2.7.0.jar
Launcher Type: SUN_STANDARD

[Global flags]
     intx CICompilerCount                          = 3                                         {product} {ergonomic}
     uint ConcGCThreads                            = 1                                         {product} {ergonomic}
     uint G1ConcRefinementThreads                  = 4                                         {product} {ergonomic}
   size_t G1HeapRegionSize                         = 1048576                                   {product} {ergonomic}
    uintx GCDrainStackTargetSize                   = 64                                        {product} {ergonomic}
   size_t InitialHeapSize                          = 130023424                                 {product} {ergonomic}
   size_t MarkStackSize                            = 4194304                                   {product} {ergonomic}
   size_t MaxHeapSize                              = 2080374784                                {product} {ergonomic}
   size_t MinHeapDeltaBytes                        = 1048576                                   {product} {ergonomic}
   size_t MinHeapSize                              = 8388608                                   {product} {ergonomic}
    uintx NonNMethodCodeHeapSize                   = 5832780                                {pd product} {ergonomic}
    uintx NonProfiledCodeHeapSize                  = 122912730                              {pd product} {ergonomic}
    uintx ProfiledCodeHeapSize                     = 122912730                              {pd product} {ergonomic}
    uintx ReservedCodeCacheSize                    = 251658240                              {pd product} {ergonomic}
     bool SegmentedCodeCache                       = true                                      {product} {ergonomic}
   size_t SoftMaxHeapSize                          = 2080374784                             {manageable} {ergonomic}
     bool UseCompressedClassPointers               = true                           {product lp64_product} {ergonomic}
     bool UseCompressedOops                        = true                           {product lp64_product} {ergonomic}
     bool UseG1GC                                  = true                                      {product} {ergonomic}
     bool UseLargePagesIndividualAllocation        = false                                  {pd product} {ergonomic}

Logging:
Log output configuration:
 #0: stdout all=warning uptime,level,tags
 #1: stderr all=off uptime,level,tags

Environment Variables:
JAVA_HOME=C:\Users\momo5\.jdks\openjdk-17
PATH=C:\xampp\php;C:\Users\momo5\.jdks\openjdk-17;C:\Program Files\Common Files\Oracle\Java\javapath;C:\Program Files (x86)\Common Files\Oracle\Java\javapath;C:\Windows\system32;C:\Windows;C:\Windows\System32\Wbem;C:\Windows\System32\WindowsPowerShell\v1.0\;C:\Windows\System32\OpenSSH\;C:\Program Files\Git\cmd;C:\Program Files (x86)\BaseX\bin;C:\Program Files\Microsoft SQL Server\150\Tools\Binn\;C:\Program Files\Microsoft SQL Server\Client SDK\ODBC\170\Tools\Binn\;C:\Program Files\dotnet\;C:\apache-maven-3.9.4\bin;C:\Program Files\Java\jdk-11.0.17\bin;C:\Program Files (x86)\Microsoft SQL Server\160\Tools\Binn\;C:\Program Files\Microsoft SQL Server\160\Tools\Binn\;C:\Program Files\Microsoft SQL Server\160\DTS\Binn\;C:\Program Files (x86)\Microsoft SQL Server\160\DTS\Binn\;C:\Program Files\Azure Data Studio\bin;C:\Users\momo5\AppData\Local\Microsoft\WindowsApps;C:\Users\momo5\.dotnet\tools;C:\Program Files\Azure Data Studio\bin
USERNAME=momo5
OS=Windows_NT
PROCESSOR_IDENTIFIER=Intel64 Family 6 Model 126 Stepping 5, GenuineIntel



---------------  S Y S T E M  ---------------

OS:
 Windows 10 , 64 bit Build 19041 (10.0.19041.3570)
OS uptime: 13 days 12:55 hours

CPU: total 4 (initial active 4) (2 cores per cpu, 2 threads per core) family 6 model 126 stepping 5 microcode 0xa0, cx8, cmov, fxsr, ht, mmx, 3dnowpref, sse, sse2, sse3, ssse3, sse4.1, sse4.2, popcnt, lzcnt, tsc, tscinvbit, avx, avx2, aes, erms, clmul, bmi1, bmi2, adx, avx512f, avx512dq, avx512cd, avx512bw, avx512vl, sha, fma, vzeroupper, avx512_vpopcntdq, avx512_vpclmulqdq, avx512_vaes, avx512_vnni, clflush, clflushopt, avx512_vbmi2, avx512_vbmi

Memory: 4k page, system-wide physical 7930M (194M free)
TotalPageFile size 32506M (AvailPageFile size 108M)
current process WorkingSet (physical memory assigned to process): 9M, peak: 9M
current process commit charge ("private bytes"): 51M, peak: 175M

vm_info: OpenJDK 64-Bit Server VM (17+35-2724) for windows-amd64 JRE (17+35-2724), built on Aug  5 2021 23:26:02 by "mach5one" with MS VC++ 16.8 (VS2019)

END.
