#
# There is insufficient memory for the Java Runtime Environment to continue.
# Native memory allocation (malloc) failed to allocate 65936 bytes for Chunk::new
# Possible reasons:
#   The system is out of physical RAM or swap space
#   The process is running with CompressedOops enabled, and the Java Heap may be blocking the growth of the native heap
# Possible solutions:
#   Reduce memory load on the system
#   Increase physical memory or swap space
#   Check if swap backing store is full
#   Decrease Java heap size (-Xmx/-Xms)
#   Decrease number of Java threads
#   Decrease Java thread stack sizes (-Xss)
#   Set larger code cache with -XX:ReservedCodeCacheSize=
#   JVM is running with Unscaled Compressed Oops mode in which the Java heap is
#     placed in the first 4GB address space. The Java Heap base address is the
#     maximum limit for the native heap growth. Please use -XX:HeapBaseMinAddress
#     to set the Java Heap base and to place the Java Heap above 4GB virtual address.
# This output file may be truncated or incomplete.
#
#  Out of Memory Error (arena.cpp:189), pid=118192, tid=113368
#
# JRE version: OpenJDK Runtime Environment (17.0+35) (build 17+35-2724)
# Java VM: OpenJDK 64-Bit Server VM (17+35-2724, mixed mode, sharing, tiered, compressed oops, compressed class ptrs, g1 gc, windows-amd64)
# No core dump will be written. Minidumps are not enabled by default on client versions of Windows
#

---------------  S U M M A R Y ------------

Command Line: -Dclassworlds.conf=C:\apache-maven-3.9.4\bin\m2.conf -Dmaven.home=C:\apache-maven-3.9.4 -Dlibrary.jansi.path=C:\apache-maven-3.9.4\lib\jansi-native -Dmaven.multiModuleProjectDirectory=C:\demosb_API_1_1 org.codehaus.plexus.classworlds.launcher.Launcher package -DskipTests

Host: Intel(R) Core(TM) i3-1005G1 CPU @ 1.20GHz, 4 cores, 7G,  Windows 10 , 64 bit Build 19041 (10.0.19041.3570)
Time: Thu Nov 16 14:09:07 2023 Paris, Madrid elapsed time: 1.589523 seconds (0d 0h 0m 1s)

---------------  T H R E A D  ---------------

Current thread (0x00000179d95fda30):  JavaThread "C2 CompilerThread0" daemon [_thread_in_native, id=113368, stack(0x0000000886300000,0x0000000886400000)]


Current CompileTask:
C2:   1589  984       4       java.io.InputStreamReader::read (11 bytes)

Stack: [0x0000000886300000,0x0000000886400000]
Native frames: (J=compiled Java code, j=interpreted, Vv=VM code, C=native code)
V  [jvm.dll+0x66f8ea]
V  [jvm.dll+0x7ce224]
V  [jvm.dll+0x7cf9ce]
V  [jvm.dll+0x7d0033]
V  [jvm.dll+0x242bb5]
V  [jvm.dll+0xaa05b]
V  [jvm.dll+0xaa5ec]
V  [jvm.dll+0x55aa78]
V  [jvm.dll+0x1b94ca]
V  [jvm.dll+0x215df9]
V  [jvm.dll+0x2150c1]
V  [jvm.dll+0x1a168d]
V  [jvm.dll+0x2248f8]
V  [jvm.dll+0x222a5c]
V  [jvm.dll+0x78422b]
V  [jvm.dll+0x77e7ea]
V  [jvm.dll+0x66e715]
C  [ucrtbase.dll+0x21bb2]
C  [KERNEL32.DLL+0x17344]
C  [ntdll.dll+0x526b1]


---------------  P R O C E S S  ---------------

Threads class SMR info:
_java_thread_list=0x00000179da088330, length=12, elements={
0x00000179bbfde390, 0x00000179d95e4290, 0x00000179d95e53e0, 0x00000179d95f8f80,
0x00000179d95f9930, 0x00000179d95fc2f0, 0x00000179d95fcca0, 0x00000179d95fda30,
0x00000179d95fe4d0, 0x00000179d9671cf0, 0x00000179da08b300, 0x00000179da08ba60
}

Java Threads: ( => current thread )
  0x00000179bbfde390 JavaThread "main" [_thread_in_native, id=16528, stack(0x0000000885600000,0x0000000885700000)]
  0x00000179d95e4290 JavaThread "Reference Handler" daemon [_thread_blocked, id=115332, stack(0x0000000885d00000,0x0000000885e00000)]
  0x00000179d95e53e0 JavaThread "Finalizer" daemon [_thread_blocked, id=110252, stack(0x0000000885e00000,0x0000000885f00000)]
  0x00000179d95f8f80 JavaThread "Signal Dispatcher" daemon [_thread_blocked, id=121620, stack(0x0000000885f00000,0x0000000886000000)]
  0x00000179d95f9930 JavaThread "Attach Listener" daemon [_thread_blocked, id=112732, stack(0x0000000886000000,0x0000000886100000)]
  0x00000179d95fc2f0 JavaThread "Service Thread" daemon [_thread_blocked, id=120956, stack(0x0000000886100000,0x0000000886200000)]
  0x00000179d95fcca0 JavaThread "Monitor Deflation Thread" daemon [_thread_blocked, id=119876, stack(0x0000000886200000,0x0000000886300000)]
=>0x00000179d95fda30 JavaThread "C2 CompilerThread0" daemon [_thread_in_native, id=113368, stack(0x0000000886300000,0x0000000886400000)]
  0x00000179d95fe4d0 JavaThread "C1 CompilerThread0" daemon [_thread_blocked, id=119872, stack(0x0000000886400000,0x0000000886500000)]
  0x00000179d9671cf0 JavaThread "Sweeper thread" daemon [_thread_blocked, id=118840, stack(0x0000000886500000,0x0000000886600000)]
  0x00000179da08b300 JavaThread "Notification Thread" daemon [_thread_blocked, id=118200, stack(0x0000000886600000,0x0000000886700000)]
  0x00000179da08ba60 JavaThread "Common-Cleaner" daemon [_thread_blocked, id=118908, stack(0x0000000886800000,0x0000000886900000)]

Other Threads:
  0x00000179d95df150 VMThread "VM Thread" [stack: 0x0000000885c00000,0x0000000885d00000] [id=122184]
  0x00000179da08b7d0 WatcherThread [stack: 0x0000000886700000,0x0000000886800000] [id=121952]
  0x00000179bc01db10 GCTaskThread "GC Thread#0" [stack: 0x0000000885700000,0x0000000885800000] [id=117068]
  0x00000179da1255d0 GCTaskThread "GC Thread#1" [stack: 0x0000000886900000,0x0000000886a00000] [id=115192]
  0x00000179da845670 GCTaskThread "GC Thread#2" [stack: 0x0000000886a00000,0x0000000886b00000] [id=120560]
  0x00000179da845920 GCTaskThread "GC Thread#3" [stack: 0x0000000886b00000,0x0000000886c00000] [id=103540]
  0x00000179bc02e250 ConcurrentGCThread "G1 Main Marker" [stack: 0x0000000885800000,0x0000000885900000] [id=122188]
  0x00000179bc02ec60 ConcurrentGCThread "G1 Conc#0" [stack: 0x0000000885900000,0x0000000885a00000] [id=111812]
  0x00000179bc095ba0 ConcurrentGCThread "G1 Refine#0" [stack: 0x0000000885a00000,0x0000000885b00000] [id=117856]
  0x00000179bc096700 ConcurrentGCThread "G1 Service" [stack: 0x0000000885b00000,0x0000000885c00000] [id=116948]

Threads with active compile tasks:
C2 CompilerThread0     1624  984       4       java.io.InputStreamReader::read (11 bytes)

VM state: not at safepoint (normal execution)

VM Mutex/Monitor currently owned by a thread: None

Heap address: 0x0000000084000000, size: 1984 MB, Compressed Oops mode: 32-bit

CDS archive(s) mapped at: [0x0000000800000000-0x0000000800bc0000-0x0000000800bc0000), size 12320768, SharedBaseAddress: 0x0000000800000000, ArchiveRelocationMode: 0.
Compressed class space mapped at: 0x0000000800c00000-0x0000000840c00000, reserved size: 1073741824
Narrow klass base: 0x0000000800000000, Narrow klass shift: 0, Narrow klass range: 0x100000000

GC Precious Log:
 CPUs: 4 total, 4 available
 Memory: 7930M
 Large Page Support: Disabled
 NUMA Support: Disabled
 Compressed Oops: Enabled (32-bit)
 Heap Region Size: 1M
 Heap Min Capacity: 8M
 Heap Initial Capacity: 124M
 Heap Max Capacity: 1984M
 Pre-touch: Disabled
 Parallel Workers: 4
 Concurrent Workers: 1
 Concurrent Refinement Workers: 4
 Periodic GC: Disabled

Heap:
 garbage-first heap   total 126976K, used 12447K [0x0000000084000000, 0x0000000100000000)
  region size 1024K, 12 young (12288K), 2 survivors (2048K)
 Metaspace       used 5497K, committed 5632K, reserved 1056768K
  class space    used 656K, committed 768K, reserved 1048576K

Heap Regions: E=young(eden), S=young(survivor), O=old, HS=humongous(starts), HC=humongous(continues), CS=collection set, F=free, OA=open archive, CA=closed archive, TAMS=top-at-mark-start (previous, next)
|   0|0x0000000084000000, 0x0000000084100000, 0x0000000084100000|100%| O|  |TAMS 0x0000000084000000, 0x0000000084000000| Untracked 
|   1|0x0000000084100000, 0x0000000084127e00, 0x0000000084200000| 15%| O|  |TAMS 0x0000000084100000, 0x0000000084100000| Untracked 
|   2|0x0000000084200000, 0x0000000084200000, 0x0000000084300000|  0%| F|  |TAMS 0x0000000084200000, 0x0000000084200000| Untracked 
|   3|0x0000000084300000, 0x0000000084300000, 0x0000000084400000|  0%| F|  |TAMS 0x0000000084300000, 0x0000000084300000| Untracked 
|   4|0x0000000084400000, 0x0000000084400000, 0x0000000084500000|  0%| F|  |TAMS 0x0000000084400000, 0x0000000084400000| Untracked 
|   5|0x0000000084500000, 0x0000000084500000, 0x0000000084600000|  0%| F|  |TAMS 0x0000000084500000, 0x0000000084500000| Untracked 
|   6|0x0000000084600000, 0x0000000084600000, 0x0000000084700000|  0%| F|  |TAMS 0x0000000084600000, 0x0000000084600000| Untracked 
|   7|0x0000000084700000, 0x0000000084700000, 0x0000000084800000|  0%| F|  |TAMS 0x0000000084700000, 0x0000000084700000| Untracked 
|   8|0x0000000084800000, 0x0000000084800000, 0x0000000084900000|  0%| F|  |TAMS 0x0000000084800000, 0x0000000084800000| Untracked 
|   9|0x0000000084900000, 0x0000000084900000, 0x0000000084a00000|  0%| F|  |TAMS 0x0000000084900000, 0x0000000084900000| Untracked 
|  10|0x0000000084a00000, 0x0000000084a00000, 0x0000000084b00000|  0%| F|  |TAMS 0x0000000084a00000, 0x0000000084a00000| Untracked 
|  11|0x0000000084b00000, 0x0000000084b00000, 0x0000000084c00000|  0%| F|  |TAMS 0x0000000084b00000, 0x0000000084b00000| Untracked 
|  12|0x0000000084c00000, 0x0000000084c00000, 0x0000000084d00000|  0%| F|  |TAMS 0x0000000084c00000, 0x0000000084c00000| Untracked 
|  13|0x0000000084d00000, 0x0000000084d00000, 0x0000000084e00000|  0%| F|  |TAMS 0x0000000084d00000, 0x0000000084d00000| Untracked 
|  14|0x0000000084e00000, 0x0000000084e00000, 0x0000000084f00000|  0%| F|  |TAMS 0x0000000084e00000, 0x0000000084e00000| Untracked 
|  15|0x0000000084f00000, 0x0000000084f00000, 0x0000000085000000|  0%| F|  |TAMS 0x0000000084f00000, 0x0000000084f00000| Untracked 
|  16|0x0000000085000000, 0x0000000085000000, 0x0000000085100000|  0%| F|  |TAMS 0x0000000085000000, 0x0000000085000000| Untracked 
|  17|0x0000000085100000, 0x0000000085100000, 0x0000000085200000|  0%| F|  |TAMS 0x0000000085100000, 0x0000000085100000| Untracked 
|  18|0x0000000085200000, 0x0000000085200000, 0x0000000085300000|  0%| F|  |TAMS 0x0000000085200000, 0x0000000085200000| Untracked 
|  19|0x0000000085300000, 0x0000000085300000, 0x0000000085400000|  0%| F|  |TAMS 0x0000000085300000, 0x0000000085300000| Untracked 
|  20|0x0000000085400000, 0x0000000085400000, 0x0000000085500000|  0%| F|  |TAMS 0x0000000085400000, 0x0000000085400000| Untracked 
|  21|0x0000000085500000, 0x0000000085500000, 0x0000000085600000|  0%| F|  |TAMS 0x0000000085500000, 0x0000000085500000| Untracked 
|  22|0x0000000085600000, 0x0000000085600000, 0x0000000085700000|  0%| F|  |TAMS 0x0000000085600000, 0x0000000085600000| Untracked 
|  23|0x0000000085700000, 0x0000000085700000, 0x0000000085800000|  0%| F|  |TAMS 0x0000000085700000, 0x0000000085700000| Untracked 
|  24|0x0000000085800000, 0x0000000085800000, 0x0000000085900000|  0%| F|  |TAMS 0x0000000085800000, 0x0000000085800000| Untracked 
|  25|0x0000000085900000, 0x0000000085900000, 0x0000000085a00000|  0%| F|  |TAMS 0x0000000085900000, 0x0000000085900000| Untracked 
|  26|0x0000000085a00000, 0x0000000085a00000, 0x0000000085b00000|  0%| F|  |TAMS 0x0000000085a00000, 0x0000000085a00000| Untracked 
|  27|0x0000000085b00000, 0x0000000085b00000, 0x0000000085c00000|  0%| F|  |TAMS 0x0000000085b00000, 0x0000000085b00000| Untracked 
|  28|0x0000000085c00000, 0x0000000085c00000, 0x0000000085d00000|  0%| F|  |TAMS 0x0000000085c00000, 0x0000000085c00000| Untracked 
|  29|0x0000000085d00000, 0x0000000085d00000, 0x0000000085e00000|  0%| F|  |TAMS 0x0000000085d00000, 0x0000000085d00000| Untracked 
|  30|0x0000000085e00000, 0x0000000085e00000, 0x0000000085f00000|  0%| F|  |TAMS 0x0000000085e00000, 0x0000000085e00000| Untracked 
|  31|0x0000000085f00000, 0x0000000085f00000, 0x0000000086000000|  0%| F|  |TAMS 0x0000000085f00000, 0x0000000085f00000| Untracked 
|  32|0x0000000086000000, 0x0000000086000000, 0x0000000086100000|  0%| F|  |TAMS 0x0000000086000000, 0x0000000086000000| Untracked 
|  33|0x0000000086100000, 0x0000000086100000, 0x0000000086200000|  0%| F|  |TAMS 0x0000000086100000, 0x0000000086100000| Untracked 
|  34|0x0000000086200000, 0x0000000086200000, 0x0000000086300000|  0%| F|  |TAMS 0x0000000086200000, 0x0000000086200000| Untracked 
|  35|0x0000000086300000, 0x0000000086300000, 0x0000000086400000|  0%| F|  |TAMS 0x0000000086300000, 0x0000000086300000| Untracked 
|  36|0x0000000086400000, 0x0000000086400000, 0x0000000086500000|  0%| F|  |TAMS 0x0000000086400000, 0x0000000086400000| Untracked 
|  37|0x0000000086500000, 0x0000000086500000, 0x0000000086600000|  0%| F|  |TAMS 0x0000000086500000, 0x0000000086500000| Untracked 
|  38|0x0000000086600000, 0x0000000086600000, 0x0000000086700000|  0%| F|  |TAMS 0x0000000086600000, 0x0000000086600000| Untracked 
|  39|0x0000000086700000, 0x0000000086700000, 0x0000000086800000|  0%| F|  |TAMS 0x0000000086700000, 0x0000000086700000| Untracked 
|  40|0x0000000086800000, 0x0000000086800000, 0x0000000086900000|  0%| F|  |TAMS 0x0000000086800000, 0x0000000086800000| Untracked 
|  41|0x0000000086900000, 0x0000000086900000, 0x0000000086a00000|  0%| F|  |TAMS 0x0000000086900000, 0x0000000086900000| Untracked 
|  42|0x0000000086a00000, 0x0000000086a00000, 0x0000000086b00000|  0%| F|  |TAMS 0x0000000086a00000, 0x0000000086a00000| Untracked 
|  43|0x0000000086b00000, 0x0000000086b00000, 0x0000000086c00000|  0%| F|  |TAMS 0x0000000086b00000, 0x0000000086b00000| Untracked 
|  44|0x0000000086c00000, 0x0000000086c00000, 0x0000000086d00000|  0%| F|  |TAMS 0x0000000086c00000, 0x0000000086c00000| Untracked 
|  45|0x0000000086d00000, 0x0000000086d00000, 0x0000000086e00000|  0%| F|  |TAMS 0x0000000086d00000, 0x0000000086d00000| Untracked 
|  46|0x0000000086e00000, 0x0000000086e00000, 0x0000000086f00000|  0%| F|  |TAMS 0x0000000086e00000, 0x0000000086e00000| Untracked 
|  47|0x0000000086f00000, 0x0000000086f00000, 0x0000000087000000|  0%| F|  |TAMS 0x0000000086f00000, 0x0000000086f00000| Untracked 
|  48|0x0000000087000000, 0x0000000087000000, 0x0000000087100000|  0%| F|  |TAMS 0x0000000087000000, 0x0000000087000000| Untracked 
|  49|0x0000000087100000, 0x0000000087100000, 0x0000000087200000|  0%| F|  |TAMS 0x0000000087100000, 0x0000000087100000| Untracked 
|  50|0x0000000087200000, 0x0000000087200000, 0x0000000087300000|  0%| F|  |TAMS 0x0000000087200000, 0x0000000087200000| Untracked 
|  51|0x0000000087300000, 0x0000000087300000, 0x0000000087400000|  0%| F|  |TAMS 0x0000000087300000, 0x0000000087300000| Untracked 
|  52|0x0000000087400000, 0x0000000087400000, 0x0000000087500000|  0%| F|  |TAMS 0x0000000087400000, 0x0000000087400000| Untracked 
|  53|0x0000000087500000, 0x0000000087500000, 0x0000000087600000|  0%| F|  |TAMS 0x0000000087500000, 0x0000000087500000| Untracked 
|  54|0x0000000087600000, 0x0000000087600000, 0x0000000087700000|  0%| F|  |TAMS 0x0000000087600000, 0x0000000087600000| Untracked 
|  55|0x0000000087700000, 0x0000000087700000, 0x0000000087800000|  0%| F|  |TAMS 0x0000000087700000, 0x0000000087700000| Untracked 
|  56|0x0000000087800000, 0x0000000087800000, 0x0000000087900000|  0%| F|  |TAMS 0x0000000087800000, 0x0000000087800000| Untracked 
|  57|0x0000000087900000, 0x0000000087900000, 0x0000000087a00000|  0%| F|  |TAMS 0x0000000087900000, 0x0000000087900000| Untracked 
|  58|0x0000000087a00000, 0x0000000087a00000, 0x0000000087b00000|  0%| F|  |TAMS 0x0000000087a00000, 0x0000000087a00000| Untracked 
|  59|0x0000000087b00000, 0x0000000087b00000, 0x0000000087c00000|  0%| F|  |TAMS 0x0000000087b00000, 0x0000000087b00000| Untracked 
|  60|0x0000000087c00000, 0x0000000087c00000, 0x0000000087d00000|  0%| F|  |TAMS 0x0000000087c00000, 0x0000000087c00000| Untracked 
|  61|0x0000000087d00000, 0x0000000087d00000, 0x0000000087e00000|  0%| F|  |TAMS 0x0000000087d00000, 0x0000000087d00000| Untracked 
|  62|0x0000000087e00000, 0x0000000087e00000, 0x0000000087f00000|  0%| F|  |TAMS 0x0000000087e00000, 0x0000000087e00000| Untracked 
|  63|0x0000000087f00000, 0x0000000087f00000, 0x0000000088000000|  0%| F|  |TAMS 0x0000000087f00000, 0x0000000087f00000| Untracked 
|  64|0x0000000088000000, 0x0000000088000000, 0x0000000088100000|  0%| F|  |TAMS 0x0000000088000000, 0x0000000088000000| Untracked 
|  65|0x0000000088100000, 0x0000000088100000, 0x0000000088200000|  0%| F|  |TAMS 0x0000000088100000, 0x0000000088100000| Untracked 
|  66|0x0000000088200000, 0x0000000088200000, 0x0000000088300000|  0%| F|  |TAMS 0x0000000088200000, 0x0000000088200000| Untracked 
|  67|0x0000000088300000, 0x0000000088300000, 0x0000000088400000|  0%| F|  |TAMS 0x0000000088300000, 0x0000000088300000| Untracked 
|  68|0x0000000088400000, 0x0000000088400000, 0x0000000088500000|  0%| F|  |TAMS 0x0000000088400000, 0x0000000088400000| Untracked 
|  69|0x0000000088500000, 0x0000000088500000, 0x0000000088600000|  0%| F|  |TAMS 0x0000000088500000, 0x0000000088500000| Untracked 
|  70|0x0000000088600000, 0x0000000088600000, 0x0000000088700000|  0%| F|  |TAMS 0x0000000088600000, 0x0000000088600000| Untracked 
|  71|0x0000000088700000, 0x0000000088700000, 0x0000000088800000|  0%| F|  |TAMS 0x0000000088700000, 0x0000000088700000| Untracked 
|  72|0x0000000088800000, 0x0000000088800000, 0x0000000088900000|  0%| F|  |TAMS 0x0000000088800000, 0x0000000088800000| Untracked 
|  73|0x0000000088900000, 0x0000000088900000, 0x0000000088a00000|  0%| F|  |TAMS 0x0000000088900000, 0x0000000088900000| Untracked 
|  74|0x0000000088a00000, 0x0000000088a00000, 0x0000000088b00000|  0%| F|  |TAMS 0x0000000088a00000, 0x0000000088a00000| Untracked 
|  75|0x0000000088b00000, 0x0000000088b00000, 0x0000000088c00000|  0%| F|  |TAMS 0x0000000088b00000, 0x0000000088b00000| Untracked 
|  76|0x0000000088c00000, 0x0000000088c00000, 0x0000000088d00000|  0%| F|  |TAMS 0x0000000088c00000, 0x0000000088c00000| Untracked 
|  77|0x0000000088d00000, 0x0000000088d00000, 0x0000000088e00000|  0%| F|  |TAMS 0x0000000088d00000, 0x0000000088d00000| Untracked 
|  78|0x0000000088e00000, 0x0000000088e00000, 0x0000000088f00000|  0%| F|  |TAMS 0x0000000088e00000, 0x0000000088e00000| Untracked 
|  79|0x0000000088f00000, 0x0000000088f00000, 0x0000000089000000|  0%| F|  |TAMS 0x0000000088f00000, 0x0000000088f00000| Untracked 
|  80|0x0000000089000000, 0x0000000089000000, 0x0000000089100000|  0%| F|  |TAMS 0x0000000089000000, 0x0000000089000000| Untracked 
|  81|0x0000000089100000, 0x0000000089100000, 0x0000000089200000|  0%| F|  |TAMS 0x0000000089100000, 0x0000000089100000| Untracked 
|  82|0x0000000089200000, 0x0000000089200000, 0x0000000089300000|  0%| F|  |TAMS 0x0000000089200000, 0x0000000089200000| Untracked 
|  83|0x0000000089300000, 0x0000000089300000, 0x0000000089400000|  0%| F|  |TAMS 0x0000000089300000, 0x0000000089300000| Untracked 
|  84|0x0000000089400000, 0x0000000089400000, 0x0000000089500000|  0%| F|  |TAMS 0x0000000089400000, 0x0000000089400000| Untracked 
|  85|0x0000000089500000, 0x0000000089500000, 0x0000000089600000|  0%| F|  |TAMS 0x0000000089500000, 0x0000000089500000| Untracked 
|  86|0x0000000089600000, 0x0000000089600000, 0x0000000089700000|  0%| F|  |TAMS 0x0000000089600000, 0x0000000089600000| Untracked 
|  87|0x0000000089700000, 0x0000000089700000, 0x0000000089800000|  0%| F|  |TAMS 0x0000000089700000, 0x0000000089700000| Untracked 
|  88|0x0000000089800000, 0x0000000089800000, 0x0000000089900000|  0%| F|  |TAMS 0x0000000089800000, 0x0000000089800000| Untracked 
|  89|0x0000000089900000, 0x0000000089900000, 0x0000000089a00000|  0%| F|  |TAMS 0x0000000089900000, 0x0000000089900000| Untracked 
|  90|0x0000000089a00000, 0x0000000089a00000, 0x0000000089b00000|  0%| F|  |TAMS 0x0000000089a00000, 0x0000000089a00000| Untracked 
|  91|0x0000000089b00000, 0x0000000089b00000, 0x0000000089c00000|  0%| F|  |TAMS 0x0000000089b00000, 0x0000000089b00000| Untracked 
|  92|0x0000000089c00000, 0x0000000089c00000, 0x0000000089d00000|  0%| F|  |TAMS 0x0000000089c00000, 0x0000000089c00000| Untracked 
|  93|0x0000000089d00000, 0x0000000089d00000, 0x0000000089e00000|  0%| F|  |TAMS 0x0000000089d00000, 0x0000000089d00000| Untracked 
|  94|0x0000000089e00000, 0x0000000089e00000, 0x0000000089f00000|  0%| F|  |TAMS 0x0000000089e00000, 0x0000000089e00000| Untracked 
|  95|0x0000000089f00000, 0x0000000089f00000, 0x000000008a000000|  0%| F|  |TAMS 0x0000000089f00000, 0x0000000089f00000| Untracked 
|  96|0x000000008a000000, 0x000000008a000000, 0x000000008a100000|  0%| F|  |TAMS 0x000000008a000000, 0x000000008a000000| Untracked 
|  97|0x000000008a100000, 0x000000008a100000, 0x000000008a200000|  0%| F|  |TAMS 0x000000008a100000, 0x000000008a100000| Untracked 
|  98|0x000000008a200000, 0x000000008a200000, 0x000000008a300000|  0%| F|  |TAMS 0x000000008a200000, 0x000000008a200000| Untracked 
|  99|0x000000008a300000, 0x000000008a300000, 0x000000008a400000|  0%| F|  |TAMS 0x000000008a300000, 0x000000008a300000| Untracked 
| 100|0x000000008a400000, 0x000000008a400000, 0x000000008a500000|  0%| F|  |TAMS 0x000000008a400000, 0x000000008a400000| Untracked 
| 101|0x000000008a500000, 0x000000008a500000, 0x000000008a600000|  0%| F|  |TAMS 0x000000008a500000, 0x000000008a500000| Untracked 
| 102|0x000000008a600000, 0x000000008a600000, 0x000000008a700000|  0%| F|  |TAMS 0x000000008a600000, 0x000000008a600000| Untracked 
| 103|0x000000008a700000, 0x000000008a700000, 0x000000008a800000|  0%| F|  |TAMS 0x000000008a700000, 0x000000008a700000| Untracked 
| 104|0x000000008a800000, 0x000000008a800000, 0x000000008a900000|  0%| F|  |TAMS 0x000000008a800000, 0x000000008a800000| Untracked 
| 105|0x000000008a900000, 0x000000008a900000, 0x000000008aa00000|  0%| F|  |TAMS 0x000000008a900000, 0x000000008a900000| Untracked 
| 106|0x000000008aa00000, 0x000000008aa00000, 0x000000008ab00000|  0%| F|  |TAMS 0x000000008aa00000, 0x000000008aa00000| Untracked 
| 107|0x000000008ab00000, 0x000000008ab00000, 0x000000008ac00000|  0%| F|  |TAMS 0x000000008ab00000, 0x000000008ab00000| Untracked 
| 108|0x000000008ac00000, 0x000000008ac00000, 0x000000008ad00000|  0%| F|  |TAMS 0x000000008ac00000, 0x000000008ac00000| Untracked 
| 109|0x000000008ad00000, 0x000000008ae00000, 0x000000008ae00000|100%| S|CS|TAMS 0x000000008ad00000, 0x000000008ad00000| Complete 
| 110|0x000000008ae00000, 0x000000008af00000, 0x000000008af00000|100%| S|CS|TAMS 0x000000008ae00000, 0x000000008ae00000| Complete 
| 111|0x000000008af00000, 0x000000008af00000, 0x000000008b000000|  0%| F|  |TAMS 0x000000008af00000, 0x000000008af00000| Untracked 
| 112|0x000000008b000000, 0x000000008b000000, 0x000000008b100000|  0%| F|  |TAMS 0x000000008b000000, 0x000000008b000000| Untracked 
| 113|0x000000008b100000, 0x000000008b100000, 0x000000008b200000|  0%| F|  |TAMS 0x000000008b100000, 0x000000008b100000| Untracked 
| 114|0x000000008b200000, 0x000000008b28ce00, 0x000000008b300000| 55%| E|  |TAMS 0x000000008b200000, 0x000000008b200000| Complete 
| 115|0x000000008b300000, 0x000000008b400000, 0x000000008b400000|100%| E|CS|TAMS 0x000000008b300000, 0x000000008b300000| Complete 
| 116|0x000000008b400000, 0x000000008b500000, 0x000000008b500000|100%| E|CS|TAMS 0x000000008b400000, 0x000000008b400000| Complete 
| 117|0x000000008b500000, 0x000000008b600000, 0x000000008b600000|100%| E|CS|TAMS 0x000000008b500000, 0x000000008b500000| Complete 
| 118|0x000000008b600000, 0x000000008b700000, 0x000000008b700000|100%| E|CS|TAMS 0x000000008b600000, 0x000000008b600000| Complete 
| 119|0x000000008b700000, 0x000000008b800000, 0x000000008b800000|100%| E|CS|TAMS 0x000000008b700000, 0x000000008b700000| Complete 
| 120|0x000000008b800000, 0x000000008b900000, 0x000000008b900000|100%| E|CS|TAMS 0x000000008b800000, 0x000000008b800000| Complete 
| 121|0x000000008b900000, 0x000000008ba00000, 0x000000008ba00000|100%| E|CS|TAMS 0x000000008b900000, 0x000000008b900000| Complete 
| 122|0x000000008ba00000, 0x000000008bb00000, 0x000000008bb00000|100%| E|CS|TAMS 0x000000008ba00000, 0x000000008ba00000| Complete 
| 123|0x000000008bb00000, 0x000000008bc00000, 0x000000008bc00000|100%| E|CS|TAMS 0x000000008bb00000, 0x000000008bb00000| Complete 

Card table byte_map: [0x00000179d2bc0000,0x00000179d2fa0000] _byte_map_base: 0x00000179d27a0000

Marking Bits (Prev, Next): (CMBitMap*) 0x00000179bc01e120, (CMBitMap*) 0x00000179bc01e160
 Prev Bits: [0x00000179d3380000, 0x00000179d5280000)
 Next Bits: [0x00000179d5280000, 0x00000179d7180000)

Polling page: 0x00000179bb7c0000

Metaspace:

Usage:
  Non-class:      4.73 MB used.
      Class:    656.20 KB used.
       Both:      5.37 MB used.

Virtual space:
  Non-class space:        8.00 MB reserved,       4.75 MB ( 59%) committed,  1 nodes.
      Class space:        1.00 GB reserved,     768.00 KB ( <1%) committed,  1 nodes.
             Both:        1.01 GB reserved,       5.50 MB ( <1%) committed. 

Chunk freelists:
   Non-Class:  1.19 MB
       Class:  3.28 MB
        Both:  4.47 MB

MaxMetaspaceSize: unlimited
CompressedClassSpaceSize: 1.00 GB
Initial GC threshold: 21.00 MB
Current GC threshold: 21.00 MB
CDS: on
MetaspaceReclaimPolicy: balanced
 - commit_granule_bytes: 65536.
 - commit_granule_words: 8192.
 - virtual_space_node_default_size: 1048576.
 - enlarge_chunks_in_place: 1.
 - new_chunks_are_fully_committed: 0.
 - uncommit_free_chunks: 1.
 - use_allocation_guard: 0.
 - handle_deallocations: 1.


Internal statistics:

num_allocs_failed_limit: 0.
num_arena_births: 38.
num_arena_deaths: 0.
num_vsnodes_births: 2.
num_vsnodes_deaths: 0.
num_space_committed: 88.
num_space_uncommitted: 0.
num_chunks_returned_to_freelist: 0.
num_chunks_taken_from_freelist: 205.
num_chunk_merges: 0.
num_chunk_splits: 128.
num_chunks_enlarged: 106.
num_purges: 0.
num_inconsistent_stats: 0.

CodeHeap 'non-profiled nmethods': size=120000Kb used=303Kb max_used=303Kb free=119696Kb
 bounds [0x00000179cb2b0000, 0x00000179cb520000, 0x00000179d27e0000]
CodeHeap 'profiled nmethods': size=120000Kb used=2049Kb max_used=2049Kb free=117950Kb
 bounds [0x00000179c3d80000, 0x00000179c3ff0000, 0x00000179cb2b0000]
CodeHeap 'non-nmethods': size=5760Kb used=1162Kb max_used=1183Kb free=4597Kb
 bounds [0x00000179c37e0000, 0x00000179c3a50000, 0x00000179c3d80000]
 total_blobs=1443 nmethods=1002 adapters=354
 compilation: enabled
              stopped_count=0, restarted_count=0
 full_count=0

Compilation events (20 events):
Event: 1.540 Thread 0x00000179d95fe4d0  992       3       org.codehaus.plexus.util.xml.pull.MXParser::nextTag (82 bytes)
Event: 1.541 Thread 0x00000179d95fe4d0 nmethod 992 0x00000179c3f74410 code [0x00000179c3f746a0, 0x00000179c3f75088]
Event: 1.541 Thread 0x00000179d95fe4d0  993       3       org.codehaus.plexus.util.xml.pull.MXParser::ensureElementsCapacity (265 bytes)
Event: 1.542 Thread 0x00000179d95fe4d0 nmethod 993 0x00000179c3f75410 code [0x00000179c3f75680, 0x00000179c3f76768]
Event: 1.543 Thread 0x00000179d95fe4d0  994       3       org.codehaus.plexus.util.xml.pull.MXParser::newString (11 bytes)
Event: 1.543 Thread 0x00000179d95fe4d0 nmethod 994 0x00000179c3f76a90 code [0x00000179c3f76c40, 0x00000179c3f76de8]
Event: 1.544 Thread 0x00000179d95fe4d0  995       3       org.codehaus.plexus.util.xml.pull.MXParser::getName (84 bytes)
Event: 1.545 Thread 0x00000179d95fe4d0 nmethod 995 0x00000179c3f76f10 code [0x00000179c3f770e0, 0x00000179c3f77488]
Event: 1.545 Thread 0x00000179d95fe4d0  996       3       org.codehaus.plexus.util.xml.pull.MXParser::getText (125 bytes)
Event: 1.545 Thread 0x00000179d95fe4d0 nmethod 996 0x00000179c3f77610 code [0x00000179c3f777e0, 0x00000179c3f77d38]
Event: 1.554 Thread 0x00000179d95fe4d0  999       3       org.eclipse.sisu.plexus.PlexusXmlScanner::TEXT (10 bytes)
Event: 1.554 Thread 0x00000179d95fe4d0 nmethod 999 0x00000179c3f77e10 code [0x00000179c3f78000, 0x00000179c3f783a8]
Event: 1.554 Thread 0x00000179d95fe4d0 1000       3       org.codehaus.plexus.util.xml.pull.MXParser::nextText (103 bytes)
Event: 1.555 Thread 0x00000179d95fe4d0 nmethod 1000 0x00000179c3f78510 code [0x00000179c3f787e0, 0x00000179c3f793c8]
Event: 1.558 Thread 0x00000179d95fe4d0 1001       3       java.lang.String::<init> (830 bytes)
Event: 1.561 Thread 0x00000179d95fe4d0 nmethod 1001 0x00000179c3f79810 code [0x00000179c3f79d00, 0x00000179c3f7c9d8]
Event: 1.561 Thread 0x00000179d95fe4d0 1002       3       java.lang.StringBuilder::charAt (6 bytes)
Event: 1.561 Thread 0x00000179d95fe4d0 nmethod 1002 0x00000179c3f7d590 code [0x00000179c3f7d720, 0x00000179c3f7d868]
Event: 1.561 Thread 0x00000179d95fe4d0 1003       3       java.lang.AbstractStringBuilder::charAt (36 bytes)
Event: 1.562 Thread 0x00000179d95fe4d0 nmethod 1003 0x00000179c3f7d910 code [0x00000179c3f7db00, 0x00000179c3f7df38]

GC Heap History (2 events):
Event: 1.172 GC heap before
{Heap before GC invocations=0 (full 0):
 garbage-first heap   total 126976K, used 12288K [0x0000000084000000, 0x0000000100000000)
  region size 1024K, 13 young (13312K), 0 survivors (0K)
 Metaspace       used 3731K, committed 3904K, reserved 1056768K
  class space    used 398K, committed 448K, reserved 1048576K
}
Event: 1.187 GC heap after
{Heap after GC invocations=1 (full 0):
 garbage-first heap   total 126976K, used 3231K [0x0000000084000000, 0x0000000100000000)
  region size 1024K, 2 young (2048K), 2 survivors (2048K)
 Metaspace       used 3731K, committed 3904K, reserved 1056768K
  class space    used 398K, committed 448K, reserved 1048576K
}

Deoptimization events (20 events):
Event: 1.376 Thread 0x00000179bbfde390 DEOPT PACKING pc=0x00000179cb2dcb78 sp=0x00000008856fbc70
Event: 1.376 Thread 0x00000179bbfde390 DEOPT UNPACKING pc=0x00000179c3835c23 sp=0x00000008856fbc10 mode 2
Event: 1.397 Thread 0x00000179bbfde390 Uncommon trap: trap_request=0xffffffde fr.pc=0x00000179cb2dcb78 relative=0x00000000000009f8
Event: 1.398 Thread 0x00000179bbfde390 Uncommon trap: reason=class_check action=maybe_recompile pc=0x00000179cb2dcb78 method=java.util.HashMap.putVal(ILjava/lang/Object;Ljava/lang/Object;ZZ)Ljava/lang/Object; @ 253 c2
Event: 1.398 Thread 0x00000179bbfde390 DEOPT PACKING pc=0x00000179cb2dcb78 sp=0x00000008856fc470
Event: 1.398 Thread 0x00000179bbfde390 DEOPT UNPACKING pc=0x00000179c3835c23 sp=0x00000008856fc410 mode 2
Event: 1.489 Thread 0x00000179bbfde390 Uncommon trap: trap_request=0xffffff45 fr.pc=0x00000179cb2d092c relative=0x00000000000000ac
Event: 1.489 Thread 0x00000179bbfde390 Uncommon trap: reason=unstable_if action=reinterpret pc=0x00000179cb2d092c method=org.codehaus.plexus.util.xml.pull.MXParser.more()C @ 8 c2
Event: 1.489 Thread 0x00000179bbfde390 DEOPT PACKING pc=0x00000179cb2d092c sp=0x00000008856fdc40
Event: 1.489 Thread 0x00000179bbfde390 DEOPT UNPACKING pc=0x00000179c3835c23 sp=0x00000008856fdbd0 mode 2
Event: 1.512 Thread 0x00000179bbfde390 Uncommon trap: trap_request=0xffffffde fr.pc=0x00000179cb2dcb4c relative=0x00000000000009cc
Event: 1.512 Thread 0x00000179bbfde390 Uncommon trap: reason=class_check action=maybe_recompile pc=0x00000179cb2dcb4c method=java.util.HashMap.putVal(ILjava/lang/Object;Ljava/lang/Object;ZZ)Ljava/lang/Object; @ 91 c2
Event: 1.512 Thread 0x00000179bbfde390 DEOPT PACKING pc=0x00000179cb2dcb4c sp=0x00000008856fdc40
Event: 1.512 Thread 0x00000179bbfde390 DEOPT UNPACKING pc=0x00000179c3835c23 sp=0x00000008856fdbe0 mode 2
Event: 1.529 Thread 0x00000179bbfde390 Uncommon trap: trap_request=0xffffff45 fr.pc=0x00000179cb2f99e4 relative=0x0000000000001484
Event: 1.529 Thread 0x00000179bbfde390 Uncommon trap: reason=unstable_if action=reinterpret pc=0x00000179cb2f99e4 method=java.nio.charset.CoderResult.isOverflow()Z @ 5 c2
Event: 1.529 Thread 0x00000179bbfde390 DEOPT PACKING pc=0x00000179cb2f99e4 sp=0x00000008856fd7b0
Event: 1.529 Thread 0x00000179bbfde390 DEOPT UNPACKING pc=0x00000179c3835c23 sp=0x00000008856fd4d0 mode 2
Event: 1.558 Thread 0x00000179bbfde390 DEOPT PACKING pc=0x00000179c3dc762c sp=0x00000008856fd9b0
Event: 1.558 Thread 0x00000179bbfde390 DEOPT UNPACKING pc=0x00000179c3836763 sp=0x00000008856fce60 mode 0

Classes unloaded (0 events):
No events

Classes redefined (0 events):
No events

Internal exceptions (20 events):
Event: 0.344 Thread 0x00000179bbfde390 Exception <a 'java/lang/NullPointerException'{0x000000008b7445b8}> (0x000000008b7445b8) 
thrown [t:\workspace\open\src\hotspot\share\interpreter\linkResolver.cpp, line 1357]
Event: 0.386 Thread 0x00000179bbfde390 Exception <a 'java/lang/NullPointerException'{0x000000008b77a0e0}> (0x000000008b77a0e0) 
thrown [t:\workspace\open\src\hotspot\share\interpreter\linkResolver.cpp, line 1357]
Event: 0.386 Thread 0x00000179bbfde390 Exception <a 'java/lang/NullPointerException'{0x000000008b77a3b8}> (0x000000008b77a3b8) 
thrown [t:\workspace\open\src\hotspot\share\interpreter\linkResolver.cpp, line 1357]
Event: 0.386 Thread 0x00000179bbfde390 Exception <a 'java/lang/NullPointerException'{0x000000008b77a690}> (0x000000008b77a690) 
thrown [t:\workspace\open\src\hotspot\share\interpreter\linkResolver.cpp, line 1357]
Event: 0.388 Thread 0x00000179bbfde390 Exception <a 'java/lang/NullPointerException'{0x000000008b77fb58}> (0x000000008b77fb58) 
thrown [t:\workspace\open\src\hotspot\share\interpreter\linkResolver.cpp, line 1357]
Event: 0.392 Thread 0x00000179bbfde390 Exception <a 'java/lang/NullPointerException'{0x000000008b795fc0}> (0x000000008b795fc0) 
thrown [t:\workspace\open\src\hotspot\share\interpreter\linkResolver.cpp, line 1357]
Event: 0.392 Thread 0x00000179bbfde390 Exception <a 'java/lang/NullPointerException'{0x000000008b796298}> (0x000000008b796298) 
thrown [t:\workspace\open\src\hotspot\share\interpreter\linkResolver.cpp, line 1357]
Event: 0.392 Thread 0x00000179bbfde390 Exception <a 'java/lang/NullPointerException'{0x000000008b796570}> (0x000000008b796570) 
thrown [t:\workspace\open\src\hotspot\share\interpreter\linkResolver.cpp, line 1357]
Event: 0.392 Thread 0x00000179bbfde390 Exception <a 'java/lang/NullPointerException'{0x000000008b796848}> (0x000000008b796848) 
thrown [t:\workspace\open\src\hotspot\share\interpreter\linkResolver.cpp, line 1357]
Event: 0.442 Thread 0x00000179bbfde390 Exception <a 'java/lang/NoSuchMethodError'{0x000000008b638e28}: 'void java.lang.invoke.DirectMethodHandle$Holder.invokeStatic(java.lang.Object, java.lang.Object, java.lang.Object)'> (0x000000008b638e28) 
thrown [t:\workspace\open\src\hotspot\share\interpreter\linkResolver.cpp, line 766]
Event: 0.464 Thread 0x00000179bbfde390 Exception <a 'java/lang/NoSuchMethodError'{0x000000008b694c10}: 'int java.lang.invoke.DirectMethodHandle$Holder.invokeStatic(java.lang.Object, java.lang.Object, int)'> (0x000000008b694c10) 
thrown [t:\workspace\open\src\hotspot\share\interpreter\linkResolver.cpp, line 766]
Event: 0.612 Thread 0x00000179bbfde390 Exception <a 'java/lang/NoSuchMethodError'{0x000000008b5fabe8}: 'java.lang.Object java.lang.invoke.DirectMethodHandle$Holder.invokeSpecialIFC(java.lang.Object, java.lang.Object, java.lang.Object, java.lang.Object)'> (0x000000008b5fabe8) 
thrown [t:\workspace\open\src\hotspot\share\interpreter\linkResolver.cpp, line 766]
Event: 1.126 Thread 0x00000179bbfde390 Exception <a 'java/lang/NoSuchMethodError'{0x000000008af69ac0}: 'java.lang.Object java.lang.invoke.DirectMethodHandle$Holder.invokeStaticInit(java.lang.Object)'> (0x000000008af69ac0) 
thrown [t:\workspace\open\src\hotspot\share\interpreter\linkResolver.cpp, line 766]
Event: 1.140 Thread 0x00000179bbfde390 Exception <a 'java/lang/NoSuchMethodError'{0x000000008af85168}: 'void java.lang.invoke.DirectMethodHandle$Holder.invokeSpecial(java.lang.Object, java.lang.Object, java.lang.Object)'> (0x000000008af85168) 
thrown [t:\workspace\open\src\hotspot\share\interpreter\linkResolver.cpp, line 766]
Event: 1.232 Thread 0x00000179bbfde390 Exception <a 'java/lang/NoSuchMethodError'{0x000000008bbd7658}: 'java.lang.Object java.lang.invoke.DirectMethodHandle$Holder.invokeInterface(java.lang.Object, java.lang.Object)'> (0x000000008bbd7658) 
thrown [t:\workspace\open\src\hotspot\share\interpreter\linkResolver.cpp, line 766]
Event: 1.267 Thread 0x00000179bbfde390 Exception <a 'java/lang/NoSuchMethodError'{0x000000008ba7a138}: 'java.lang.Object java.lang.invoke.Invokers$Holder.invokeExact_MT(java.lang.Object, java.lang.Object, java.lang.Object, java.lang.Object, java.lang.Object, java.lang.Object)'> (0x000000008ba7a138) 
thrown [t:\workspace\open\src\hotspot\share\interpreter\linkResolver.cpp, line 766]
Event: 1.273 Thread 0x00000179bbfde390 Exception <a 'java/lang/NoSuchMethodError'{0x000000008ba8b648}: 'int java.lang.invoke.DirectMethodHandle$Holder.invokeSpecialIFC(java.lang.Object, java.lang.Object, java.lang.Object, java.lang.Object, java.lang.Object)'> (0x000000008ba8b648) 
thrown [t:\workspace\open\src\hotspot\share\interpreter\linkResolver.cpp, line 766]
Event: 1.384 Thread 0x00000179bbfde390 Exception <a 'java/lang/NoSuchMethodError'{0x000000008b846d90}: 'java.lang.Object java.lang.invoke.DirectMethodHandle$Holder.newInvokeSpecial(java.lang.Object, java.lang.Object, java.lang.Object, java.lang.Object, java.lang.Object)'> (0x000000008b846d90) 
thrown [t:\workspace\open\src\hotspot\share\interpreter\linkResolver.cpp, line 766]
Event: 1.460 Thread 0x00000179bbfde390 Exception <a 'java/lang/NoSuchMethodError'{0x000000008b743220}: 'int java.lang.invoke.DirectMethodHandle$Holder.invokeStaticInit(java.lang.Object, java.lang.Object)'> (0x000000008b743220) 
thrown [t:\workspace\open\src\hotspot\share\interpreter\linkResolver.cpp, line 766]
Event: 1.477 Thread 0x00000179bbfde390 Exception <a 'java/lang/NoClassDefFoundError'{0x000000008b779f68}: javax/enterprise/inject/Typed> (0x000000008b779f68) 
thrown [t:\workspace\open\src\hotspot\share\classfile\systemDictionary.cpp, line 245]

VM Operations (14 events):
Event: 0.135 Executing VM operation: HandshakeAllThreads
Event: 0.135 Executing VM operation: HandshakeAllThreads done
Event: 0.342 Executing VM operation: HandshakeAllThreads
Event: 0.342 Executing VM operation: HandshakeAllThreads done
Event: 0.354 Executing VM operation: HandshakeAllThreads
Event: 0.354 Executing VM operation: HandshakeAllThreads done
Event: 0.651 Executing VM operation: HandshakeAllThreads
Event: 0.651 Executing VM operation: HandshakeAllThreads done
Event: 1.171 Executing VM operation: G1CollectForAllocation
Event: 1.187 Executing VM operation: G1CollectForAllocation done
Event: 1.470 Executing VM operation: ICBufferFull
Event: 1.470 Executing VM operation: ICBufferFull done
Event: 1.473 Executing VM operation: ICBufferFull
Event: 1.473 Executing VM operation: ICBufferFull done

Events (20 events):
Event: 1.412 loading class java/security/PrivilegedActionException
Event: 1.412 loading class java/security/PrivilegedActionException done
Event: 1.412 loading class sun/misc/Unsafe
Event: 1.413 loading class sun/misc/Unsafe done
Event: 1.415 loading class jdk/internal/reflect/UnsafeFieldAccessorFactory
Event: 1.415 loading class jdk/internal/reflect/UnsafeFieldAccessorFactory done
Event: 1.415 loading class jdk/internal/reflect/UnsafeQualifiedStaticObjectFieldAccessorImpl
Event: 1.415 loading class jdk/internal/reflect/UnsafeQualifiedStaticFieldAccessorImpl
Event: 1.415 loading class jdk/internal/reflect/UnsafeQualifiedStaticFieldAccessorImpl done
Event: 1.415 loading class jdk/internal/reflect/UnsafeQualifiedStaticObjectFieldAccessorImpl done
Event: 1.425 loading class java/lang/reflect/ParameterizedType
Event: 1.425 loading class java/lang/reflect/ParameterizedType done
Event: 1.438 loading class java/lang/reflect/TypeVariable
Event: 1.438 loading class java/lang/reflect/TypeVariable done
Event: 1.439 loading class java/lang/reflect/WildcardType
Event: 1.439 loading class java/lang/reflect/WildcardType done
Event: 1.447 loading class sun/reflect/generics/tree/TypeVariableSignature
Event: 1.447 loading class sun/reflect/generics/tree/TypeVariableSignature done
Event: 1.476 loading class java/lang/annotation/IncompleteAnnotationException
Event: 1.476 loading class java/lang/annotation/IncompleteAnnotationException done


Dynamic libraries:
0x00007ff7fec60000 - 0x00007ff7fec6e000 	C:\Users\momo5\.jdks\openjdk-17\bin\java.exe
0x00007ffe280b0000 - 0x00007ffe282a7000 	C:\Windows\SYSTEM32\ntdll.dll
0x00007ffe261a0000 - 0x00007ffe2625d000 	C:\Windows\System32\KERNEL32.DLL
0x00007ffe25b20000 - 0x00007ffe25e16000 	C:\Windows\System32\KERNELBASE.dll
0x00007ffe25950000 - 0x00007ffe25a50000 	C:\Windows\System32\ucrtbase.dll
0x00007ffdf8dc0000 - 0x00007ffdf8dd8000 	C:\Users\momo5\.jdks\openjdk-17\bin\jli.dll
0x00007ffdf6380000 - 0x00007ffdf639a000 	C:\Users\momo5\.jdks\openjdk-17\bin\VCRUNTIME140.dll
0x00007ffe27880000 - 0x00007ffe27a1e000 	C:\Windows\System32\USER32.dll
0x00007ffe25920000 - 0x00007ffe25942000 	C:\Windows\System32\win32u.dll
0x00007ffe27060000 - 0x00007ffe2708c000 	C:\Windows\System32\GDI32.dll
0x00007ffe25800000 - 0x00007ffe2591a000 	C:\Windows\System32\gdi32full.dll
0x00007ffe25a50000 - 0x00007ffe25aed000 	C:\Windows\System32\msvcp_win.dll
0x00007ffe12fa0000 - 0x00007ffe1323a000 	C:\Windows\WinSxS\amd64_microsoft.windows.common-controls_6595b64144ccf1df_6.0.19041.3570_none_60bb2a3971f3e41a\COMCTL32.dll
0x00007ffe27af0000 - 0x00007ffe27b8e000 	C:\Windows\System32\msvcrt.dll
0x00007ffe264a0000 - 0x00007ffe264d0000 	C:\Windows\System32\IMM32.DLL
0x00007ffe08b20000 - 0x00007ffe08b2c000 	C:\Users\momo5\.jdks\openjdk-17\bin\vcruntime140_1.dll
0x00007ffdec710000 - 0x00007ffdec79d000 	C:\Users\momo5\.jdks\openjdk-17\bin\msvcp140.dll
0x00007ffd9a050000 - 0x00007ffd9ac0e000 	C:\Users\momo5\.jdks\openjdk-17\bin\server\jvm.dll
0x00007ffe26f40000 - 0x00007ffe26fee000 	C:\Windows\System32\ADVAPI32.dll
0x00007ffe277e0000 - 0x00007ffe2787c000 	C:\Windows\System32\sechost.dll
0x00007ffe26350000 - 0x00007ffe26476000 	C:\Windows\System32\RPCRT4.dll
0x00007ffe27a80000 - 0x00007ffe27a88000 	C:\Windows\System32\PSAPI.DLL
0x00007ffe0e920000 - 0x00007ffe0e929000 	C:\Windows\SYSTEM32\WSOCK32.dll
0x00007ffe12370000 - 0x00007ffe12397000 	C:\Windows\SYSTEM32\WINMM.dll
0x00007ffe26ff0000 - 0x00007ffe2705b000 	C:\Windows\System32\WS2_32.dll
0x00007ffe1cbd0000 - 0x00007ffe1cbda000 	C:\Windows\SYSTEM32\VERSION.dll
0x00007ffe23fc0000 - 0x00007ffe23fd2000 	C:\Windows\SYSTEM32\kernel.appcore.dll
0x00007ffe03be0000 - 0x00007ffe03bea000 	C:\Users\momo5\.jdks\openjdk-17\bin\jimage.dll
0x00007ffe23520000 - 0x00007ffe23704000 	C:\Windows\SYSTEM32\DBGHELP.DLL
0x00007ffe19ae0000 - 0x00007ffe19b14000 	C:\Windows\SYSTEM32\dbgcore.DLL
0x00007ffe25ed0000 - 0x00007ffe25f52000 	C:\Windows\System32\bcryptPrimitives.dll
0x00007ffdf2240000 - 0x00007ffdf2265000 	C:\Users\momo5\.jdks\openjdk-17\bin\java.dll
0x00007ffdd66c0000 - 0x00007ffdd6796000 	C:\Users\momo5\.jdks\openjdk-17\bin\svml.dll
0x00007ffe26540000 - 0x00007ffe26c84000 	C:\Windows\System32\SHELL32.dll
0x00007ffe23710000 - 0x00007ffe23eab000 	C:\Windows\SYSTEM32\windows.storage.dll
0x00007ffe27c60000 - 0x00007ffe27fb4000 	C:\Windows\System32\combase.dll
0x00007ffe25160000 - 0x00007ffe2518d000 	C:\Windows\SYSTEM32\Wldp.dll
0x00007ffe27fc0000 - 0x00007ffe2806d000 	C:\Windows\System32\SHCORE.dll
0x00007ffe264d0000 - 0x00007ffe26525000 	C:\Windows\System32\shlwapi.dll
0x00007ffe256c0000 - 0x00007ffe256e5000 	C:\Windows\SYSTEM32\profapi.dll
0x00007ffdf4b00000 - 0x00007ffdf4b19000 	C:\Users\momo5\.jdks\openjdk-17\bin\net.dll
0x00007ffe1b6c0000 - 0x00007ffe1b7ca000 	C:\Windows\SYSTEM32\WINHTTP.dll
0x00007ffe24e60000 - 0x00007ffe24eca000 	C:\Windows\system32\mswsock.dll
0x00007ffdf3950000 - 0x00007ffdf3965000 	C:\Users\momo5\.jdks\openjdk-17\bin\nio.dll
0x00007ffdf2220000 - 0x00007ffdf2238000 	C:\Users\momo5\.jdks\openjdk-17\bin\zip.dll
0x0000000069ac0000 - 0x0000000069ae4000 	C:\apache-maven-3.9.4\lib\jansi-native\Windows\x86_64\jansi.dll
0x00007ffe03b50000 - 0x00007ffe03b60000 	C:\Users\momo5\.jdks\openjdk-17\bin\verify.dll

dbghelp: loaded successfully - version: 4.0.5 - missing functions: none
symbol engine: initialized successfully - sym options: 0x614 - pdb path: .;C:\Users\momo5\.jdks\openjdk-17\bin;C:\Windows\SYSTEM32;C:\Windows\WinSxS\amd64_microsoft.windows.common-controls_6595b64144ccf1df_6.0.19041.3570_none_60bb2a3971f3e41a;C:\Users\momo5\.jdks\openjdk-17\bin\server;C:\apache-maven-3.9.4\lib\jansi-native\Windows\x86_64

VM Arguments:
jvm_args: -Dclassworlds.conf=C:\apache-maven-3.9.4\bin\m2.conf -Dmaven.home=C:\apache-maven-3.9.4 -Dlibrary.jansi.path=C:\apache-maven-3.9.4\lib\jansi-native -Dmaven.multiModuleProjectDirectory=C:\demosb_API_1_1 
java_command: org.codehaus.plexus.classworlds.launcher.Launcher package -DskipTests
java_class_path (initial): C:\apache-maven-3.9.4\boot\plexus-classworlds-2.7.0.jar
Launcher Type: SUN_STANDARD

[Global flags]
     intx CICompilerCount                          = 3                                         {product} {ergonomic}
     uint ConcGCThreads                            = 1                                         {product} {ergonomic}
     uint G1ConcRefinementThreads                  = 4                                         {product} {ergonomic}
   size_t G1HeapRegionSize                         = 1048576                                   {product} {ergonomic}
    uintx GCDrainStackTargetSize                   = 64                                        {product} {ergonomic}
   size_t InitialHeapSize                          = 130023424                                 {product} {ergonomic}
   size_t MarkStackSize                            = 4194304                                   {product} {ergonomic}
   size_t MaxHeapSize                              = 2080374784                                {product} {ergonomic}
   size_t MaxNewSize                               = 1247805440                                {product} {ergonomic}
   size_t MinHeapDeltaBytes                        = 1048576                                   {product} {ergonomic}
   size_t MinHeapSize                              = 8388608                                   {product} {ergonomic}
    uintx NonNMethodCodeHeapSize                   = 5832780                                {pd product} {ergonomic}
    uintx NonProfiledCodeHeapSize                  = 122912730                              {pd product} {ergonomic}
    uintx ProfiledCodeHeapSize                     = 122912730                              {pd product} {ergonomic}
    uintx ReservedCodeCacheSize                    = 251658240                              {pd product} {ergonomic}
     bool SegmentedCodeCache                       = true                                      {product} {ergonomic}
   size_t SoftMaxHeapSize                          = 2080374784                             {manageable} {ergonomic}
     bool UseCompressedClassPointers               = true                           {product lp64_product} {ergonomic}
     bool UseCompressedOops                        = true                           {product lp64_product} {ergonomic}
     bool UseG1GC                                  = true                                      {product} {ergonomic}
     bool UseLargePagesIndividualAllocation        = false                                  {pd product} {ergonomic}

Logging:
Log output configuration:
 #0: stdout all=warning uptime,level,tags
 #1: stderr all=off uptime,level,tags

Environment Variables:
JAVA_HOME=C:\Users\momo5\.jdks\openjdk-17
PATH=C:\xampp\php;C:\Users\momo5\.jdks\openjdk-17;C:\Program Files\Common Files\Oracle\Java\javapath;C:\Program Files (x86)\Common Files\Oracle\Java\javapath;C:\Windows\system32;C:\Windows;C:\Windows\System32\Wbem;C:\Windows\System32\WindowsPowerShell\v1.0\;C:\Windows\System32\OpenSSH\;C:\Program Files\Git\cmd;C:\Program Files (x86)\BaseX\bin;C:\Program Files\Microsoft SQL Server\150\Tools\Binn\;C:\Program Files\Microsoft SQL Server\Client SDK\ODBC\170\Tools\Binn\;C:\Program Files\dotnet\;C:\apache-maven-3.9.4\bin;C:\Program Files\Java\jdk-11.0.17\bin;C:\Program Files (x86)\Microsoft SQL Server\160\Tools\Binn\;C:\Program Files\Microsoft SQL Server\160\Tools\Binn\;C:\Program Files\Microsoft SQL Server\160\DTS\Binn\;C:\Program Files (x86)\Microsoft SQL Server\160\DTS\Binn\;C:\Program Files\Azure Data Studio\bin;C:\Users\momo5\AppData\Local\Microsoft\WindowsApps;C:\Users\momo5\.dotnet\tools;C:\Program Files\Azure Data Studio\bin
USERNAME=momo5
OS=Windows_NT
PROCESSOR_IDENTIFIER=Intel64 Family 6 Model 126 Stepping 5, GenuineIntel



---------------  S Y S T E M  ---------------

OS:
 Windows 10 , 64 bit Build 19041 (10.0.19041.3570)
OS uptime: 13 days 12:54 hours

CPU: total 4 (initial active 4) (2 cores per cpu, 2 threads per core) family 6 model 126 stepping 5 microcode 0xa0, cx8, cmov, fxsr, ht, mmx, 3dnowpref, sse, sse2, sse3, ssse3, sse4.1, sse4.2, popcnt, lzcnt, tsc, tscinvbit, avx, avx2, aes, erms, clmul, bmi1, bmi2, adx, avx512f, avx512dq, avx512cd, avx512bw, avx512vl, sha, fma, vzeroupper, avx512_vpopcntdq, avx512_vpclmulqdq, avx512_vaes, avx512_vnni, clflush, clflushopt, avx512_vbmi2, avx512_vbmi

Memory: 4k page, system-wide physical 7930M (245M free)
TotalPageFile size 32506M (AvailPageFile size 1M)
current process WorkingSet (physical memory assigned to process): 65M, peak: 65M
current process commit charge ("private bytes"): 211M, peak: 212M

vm_info: OpenJDK 64-Bit Server VM (17+35-2724) for windows-amd64 JRE (17+35-2724), built on Aug  5 2021 23:26:02 by "mach5one" with MS VC++ 16.8 (VS2019)

END.
